{"C:\\Users\\khush\\OneDrive\\Desktop\\carbon footprint\\src\\components\\CookieConsent.tsx": {"path":"C:\\Users\\khush\\OneDrive\\Desktop\\carbon footprint\\src\\components\\CookieConsent.tsx","statementMap":{"0":{"start":{"line":4,"column":13},"end":{"line":46,"column":null}},"1":{"start":{"line":5,"column":21},"end":{"line":7,"column":null}},"2":{"start":{"line":6,"column":4},"end":{"line":6,"column":null}},"3":{"start":{"line":9,"column":2},"end":{"line":14,"column":null}},"4":{"start":{"line":10,"column":20},"end":{"line":10,"column":null}},"5":{"start":{"line":11,"column":4},"end":{"line":13,"column":null}},"6":{"start":{"line":12,"column":6},"end":{"line":12,"column":null}},"7":{"start":{"line":16,"column":8},"end":{"line":20,"column":null}},"8":{"start":{"line":17,"column":4},"end":{"line":17,"column":null}},"9":{"start":{"line":18,"column":4},"end":{"line":18,"column":null}},"10":{"start":{"line":19,"column":4},"end":{"line":19,"column":null}},"11":{"start":{"line":22,"column":8},"end":{"line":25,"column":null}},"12":{"start":{"line":23,"column":4},"end":{"line":23,"column":null}},"13":{"start":{"line":24,"column":4},"end":{"line":24,"column":null}},"14":{"start":{"line":27,"column":2},"end":{"line":27,"column":null}},"15":{"start":{"line":27,"column":19},"end":{"line":27,"column":null}},"16":{"start":{"line":29,"column":2},"end":{"line":44,"column":null}}},"fnMap":{"0":{"name":"(anonymous_0)","decl":{"start":{"line":4,"column":13},"end":{"line":4,"column":35}},"loc":{"start":{"line":4,"column":35},"end":{"line":46,"column":null}},"line":4},"1":{"name":"(anonymous_1)","decl":{"start":{"line":5,"column":38},"end":{"line":5,"column":53}},"loc":{"start":{"line":5,"column":53},"end":{"line":7,"column":3}},"line":5},"2":{"name":"(anonymous_2)","decl":{"start":{"line":9,"column":2},"end":{"line":9,"column":18}},"loc":{"start":{"line":9,"column":18},"end":{"line":14,"column":5}},"line":9},"3":{"name":"(anonymous_3)","decl":{"start":{"line":16,"column":8},"end":{"line":16,"column":29}},"loc":{"start":{"line":16,"column":29},"end":{"line":20,"column":null}},"line":16},"4":{"name":"(anonymous_4)","decl":{"start":{"line":22,"column":8},"end":{"line":22,"column":30}},"loc":{"start":{"line":22,"column":30},"end":{"line":25,"column":null}},"line":22}},"branchMap":{"0":{"loc":{"start":{"line":11,"column":4},"end":{"line":13,"column":null}},"type":"if","locations":[{"start":{"line":11,"column":4},"end":{"line":13,"column":null}},{"start":{},"end":{}}],"line":11},"1":{"loc":{"start":{"line":27,"column":2},"end":{"line":27,"column":null}},"type":"if","locations":[{"start":{"line":27,"column":2},"end":{"line":27,"column":null}},{"start":{},"end":{}}],"line":27}},"s":{"0":1,"1":7,"2":5,"3":7,"4":5,"5":5,"6":1,"7":7,"8":1,"9":1,"10":1,"11":7,"12":1,"13":1,"14":7,"15":4,"16":3},"f":{"0":7,"1":5,"2":5,"3":1,"4":1},"b":{"0":[1,4],"1":[4,3]},"meta":{"lastBranch":2,"lastFunction":5,"lastStatement":17,"seen":{"s:4:13:46:Infinity":0,"f:4:13:4:35":0,"s:5:21:7:Infinity":1,"f:5:38:5:53":1,"s:6:4:6:Infinity":2,"s:9:2:14:Infinity":3,"f:9:2:9:18":2,"s:10:20:10:Infinity":4,"b:11:4:13:Infinity:undefined:undefined:undefined:undefined":0,"s:11:4:13:Infinity":5,"s:12:6:12:Infinity":6,"s:16:8:20:Infinity":7,"f:16:8:16:29":3,"s:17:4:17:Infinity":8,"s:18:4:18:Infinity":9,"s:19:4:19:Infinity":10,"s:22:8:25:Infinity":11,"f:22:8:22:30":4,"s:23:4:23:Infinity":12,"s:24:4:24:Infinity":13,"b:27:2:27:Infinity:undefined:undefined:undefined:undefined":1,"s:27:2:27:Infinity":14,"s:27:19:27:Infinity":15,"s:29:2:44:Infinity":16},"fnNames":{}}}
,"C:\\Users\\khush\\OneDrive\\Desktop\\carbon footprint\\src\\components\\ErrorBoundary.tsx": {"path":"C:\\Users\\khush\\OneDrive\\Desktop\\carbon footprint\\src\\components\\ErrorBoundary.tsx","statementMap":{"0":{"start":{"line":14,"column":24},"end":{"line":16,"column":null}},"1":{"start":{"line":19,"column":4},"end":{"line":19,"column":null}},"2":{"start":{"line":23,"column":4},"end":{"line":23,"column":null}},"3":{"start":{"line":27,"column":4},"end":{"line":40,"column":null}},"4":{"start":{"line":28,"column":6},"end":{"line":38,"column":null}},"5":{"start":{"line":34,"column":27},"end":{"line":34,"column":null}},"6":{"start":{"line":42,"column":4},"end":{"line":42,"column":null}}},"fnMap":{"0":{"name":"getDerivedStateFromError","decl":{"start":{"line":18,"column":16},"end":{"line":18,"column":41}},"loc":{"start":{"line":18,"column":62},"end":{"line":20,"column":null}},"line":18},"1":{"name":"componentDidCatch","decl":{"start":{"line":22,"column":2},"end":{"line":22,"column":9}},"loc":{"start":{"line":22,"column":63},"end":{"line":24,"column":null}},"line":22},"2":{"name":"render","decl":{"start":{"line":26,"column":2},"end":{"line":26,"column":9}},"loc":{"start":{"line":26,"column":18},"end":{"line":43,"column":null}},"line":26},"3":{"name":"(anonymous_3)","decl":{"start":{"line":34,"column":12},"end":{"line":34,"column":27}},"loc":{"start":{"line":34,"column":27},"end":{"line":34,"column":null}},"line":34}},"branchMap":{"0":{"loc":{"start":{"line":27,"column":4},"end":{"line":40,"column":null}},"type":"if","locations":[{"start":{"line":27,"column":4},"end":{"line":40,"column":null}},{"start":{},"end":{}}],"line":27}},"s":{"0":3,"1":2,"2":1,"3":5,"4":2,"5":0,"6":3},"f":{"0":1,"1":1,"2":5,"3":0},"b":{"0":[2,3]},"meta":{"lastBranch":1,"lastFunction":4,"lastStatement":7,"seen":{"s:14:24:16:Infinity":0,"f:18:16:18:41":0,"s:19:4:19:Infinity":1,"f:22:2:22:9":1,"s:23:4:23:Infinity":2,"f:26:2:26:9":2,"b:27:4:40:Infinity:undefined:undefined:undefined:undefined":0,"s:27:4:40:Infinity":3,"s:28:6:38:Infinity":4,"f:34:12:34:27":3,"s:34:27:34:Infinity":5,"s:42:4:42:Infinity":6},"fnNames":{}}}
,"C:\\Users\\khush\\OneDrive\\Desktop\\carbon footprint\\src\\components\\Navbar.tsx": {"path":"C:\\Users\\khush\\OneDrive\\Desktop\\carbon footprint\\src\\components\\Navbar.tsx","statementMap":{"0":{"start":{"line":6,"column":13},"end":{"line":57,"column":null}},"1":{"start":{"line":7,"column":17},"end":{"line":7,"column":null}},"2":{"start":{"line":8,"column":21},"end":{"line":8,"column":null}},"3":{"start":{"line":10,"column":2},"end":{"line":55,"column":null}},"4":{"start":{"line":21,"column":55},"end":{"line":21,"column":95}},"5":{"start":{"line":21,"column":110},"end":{"line":21,"column":132}},"6":{"start":{"line":24,"column":65},"end":{"line":24,"column":105}},"7":{"start":{"line":24,"column":120},"end":{"line":24,"column":142}},"8":{"start":{"line":27,"column":60},"end":{"line":27,"column":100}},"9":{"start":{"line":27,"column":115},"end":{"line":27,"column":137}},"10":{"start":{"line":30,"column":64},"end":{"line":30,"column":104}},"11":{"start":{"line":30,"column":119},"end":{"line":30,"column":141}},"12":{"start":{"line":47,"column":27},"end":{"line":47,"column":null}}},"fnMap":{"0":{"name":"(anonymous_0)","decl":{"start":{"line":6,"column":13},"end":{"line":6,"column":28}},"loc":{"start":{"line":6,"column":28},"end":{"line":57,"column":null}},"line":6},"1":{"name":"(anonymous_1)","decl":{"start":{"line":21,"column":26},"end":{"line":21,"column":38}},"loc":{"start":{"line":21,"column":55},"end":{"line":21,"column":95}},"line":21},"2":{"name":"(anonymous_2)","decl":{"start":{"line":21,"column":95},"end":{"line":21,"column":110}},"loc":{"start":{"line":21,"column":110},"end":{"line":21,"column":132}},"line":21},"3":{"name":"(anonymous_3)","decl":{"start":{"line":24,"column":36},"end":{"line":24,"column":48}},"loc":{"start":{"line":24,"column":65},"end":{"line":24,"column":105}},"line":24},"4":{"name":"(anonymous_4)","decl":{"start":{"line":24,"column":105},"end":{"line":24,"column":120}},"loc":{"start":{"line":24,"column":120},"end":{"line":24,"column":142}},"line":24},"5":{"name":"(anonymous_5)","decl":{"start":{"line":27,"column":31},"end":{"line":27,"column":43}},"loc":{"start":{"line":27,"column":60},"end":{"line":27,"column":100}},"line":27},"6":{"name":"(anonymous_6)","decl":{"start":{"line":27,"column":100},"end":{"line":27,"column":115}},"loc":{"start":{"line":27,"column":115},"end":{"line":27,"column":137}},"line":27},"7":{"name":"(anonymous_7)","decl":{"start":{"line":30,"column":35},"end":{"line":30,"column":47}},"loc":{"start":{"line":30,"column":64},"end":{"line":30,"column":104}},"line":30},"8":{"name":"(anonymous_8)","decl":{"start":{"line":30,"column":104},"end":{"line":30,"column":119}},"loc":{"start":{"line":30,"column":119},"end":{"line":30,"column":141}},"line":30},"9":{"name":"(anonymous_9)","decl":{"start":{"line":47,"column":12},"end":{"line":47,"column":27}},"loc":{"start":{"line":47,"column":27},"end":{"line":47,"column":null}},"line":47}},"branchMap":{"0":{"loc":{"start":{"line":20,"column":37},"end":{"line":20,"column":null}},"type":"cond-expr","locations":[{"start":{"line":20,"column":50},"end":{"line":20,"column":59}},{"start":{"line":20,"column":59},"end":{"line":20,"column":null}}],"line":20},"1":{"loc":{"start":{"line":21,"column":67},"end":{"line":21,"column":95}},"type":"cond-expr","locations":[{"start":{"line":21,"column":78},"end":{"line":21,"column":89}},{"start":{"line":21,"column":89},"end":{"line":21,"column":95}}],"line":21},"2":{"loc":{"start":{"line":24,"column":77},"end":{"line":24,"column":105}},"type":"cond-expr","locations":[{"start":{"line":24,"column":88},"end":{"line":24,"column":99}},{"start":{"line":24,"column":99},"end":{"line":24,"column":105}}],"line":24},"3":{"loc":{"start":{"line":27,"column":72},"end":{"line":27,"column":100}},"type":"cond-expr","locations":[{"start":{"line":27,"column":83},"end":{"line":27,"column":94}},{"start":{"line":27,"column":94},"end":{"line":27,"column":100}}],"line":27},"4":{"loc":{"start":{"line":30,"column":76},"end":{"line":30,"column":104}},"type":"cond-expr","locations":[{"start":{"line":30,"column":87},"end":{"line":30,"column":98}},{"start":{"line":30,"column":98},"end":{"line":30,"column":104}}],"line":30},"5":{"loc":{"start":{"line":39,"column":37},"end":{"line":39,"column":74}},"type":"cond-expr","locations":[{"start":{"line":39,"column":57},"end":{"line":39,"column":66}},{"start":{"line":39,"column":66},"end":{"line":39,"column":74}}],"line":39},"6":{"loc":{"start":{"line":40,"column":32},"end":{"line":40,"column":69}},"type":"cond-expr","locations":[{"start":{"line":40,"column":52},"end":{"line":40,"column":61}},{"start":{"line":40,"column":61},"end":{"line":40,"column":69}}],"line":40},"7":{"loc":{"start":{"line":42,"column":13},"end":{"line":42,"column":null}},"type":"cond-expr","locations":[{"start":{"line":42,"column":33},"end":{"line":42,"column":55}},{"start":{"line":42,"column":54},"end":{"line":42,"column":null}}],"line":42},"8":{"loc":{"start":{"line":50,"column":13},"end":{"line":50,"column":null}},"type":"cond-expr","locations":[{"start":{"line":50,"column":26},"end":{"line":50,"column":45}},{"start":{"line":50,"column":44},"end":{"line":50,"column":null}}],"line":50}},"s":{"0":1,"1":4,"2":4,"3":4,"4":4,"5":0,"6":4,"7":0,"8":4,"9":0,"10":4,"11":0,"12":0},"f":{"0":4,"1":4,"2":0,"3":4,"4":0,"5":4,"6":0,"7":4,"8":0,"9":0},"b":{"0":[0,4],"1":[4,0],"2":[0,4],"3":[0,4],"4":[0,4],"5":[1,3],"6":[1,3],"7":[1,3],"8":[0,4]},"meta":{"lastBranch":9,"lastFunction":10,"lastStatement":13,"seen":{"s:6:13:57:Infinity":0,"f:6:13:6:28":0,"s:7:17:7:Infinity":1,"s:8:21:8:Infinity":2,"s:10:2:55:Infinity":3,"b:20:50:20:59:20:59:20:Infinity":0,"f:21:26:21:38":1,"s:21:55:21:95":4,"b:21:78:21:89:21:89:21:95":1,"f:21:95:21:110":2,"s:21:110:21:132":5,"f:24:36:24:48":3,"s:24:65:24:105":6,"b:24:88:24:99:24:99:24:105":2,"f:24:105:24:120":4,"s:24:120:24:142":7,"f:27:31:27:43":5,"s:27:60:27:100":8,"b:27:83:27:94:27:94:27:100":3,"f:27:100:27:115":6,"s:27:115:27:137":9,"f:30:35:30:47":7,"s:30:64:30:104":10,"b:30:87:30:98:30:98:30:104":4,"f:30:104:30:119":8,"s:30:119:30:141":11,"b:39:57:39:66:39:66:39:74":5,"b:40:52:40:61:40:61:40:69":6,"b:42:33:42:55:42:54:42:Infinity":7,"f:47:12:47:27":9,"s:47:27:47:Infinity":12,"b:50:26:50:45:50:44:50:Infinity":8},"fnNames":{}}}
,"C:\\Users\\khush\\OneDrive\\Desktop\\carbon footprint\\src\\components\\PieChart.tsx": {"path":"C:\\Users\\khush\\OneDrive\\Desktop\\carbon footprint\\src\\components\\PieChart.tsx","statementMap":{"0":{"start":{"line":7,"column":13},"end":{"line":96,"column":null}},"1":{"start":{"line":8,"column":8},"end":{"line":8,"column":null}},"2":{"start":{"line":8,"column":30},"end":{"line":8,"column":79}},"3":{"start":{"line":8,"column":57},"end":{"line":8,"column":75}},"4":{"start":{"line":10,"column":8},"end":{"line":61,"column":null}},"5":{"start":{"line":11,"column":4},"end":{"line":11,"column":null}},"6":{"start":{"line":11,"column":21},"end":{"line":11,"column":null}},"7":{"start":{"line":13,"column":23},"end":{"line":13,"column":null}},"8":{"start":{"line":15,"column":4},"end":{"line":60,"column":null}},"9":{"start":{"line":16,"column":25},"end":{"line":16,"column":null}},"10":{"start":{"line":17,"column":20},"end":{"line":17,"column":null}},"11":{"start":{"line":20,"column":25},"end":{"line":20,"column":null}},"12":{"start":{"line":21,"column":23},"end":{"line":21,"column":null}},"13":{"start":{"line":22,"column":6},"end":{"line":22,"column":null}},"14":{"start":{"line":25,"column":21},"end":{"line":25,"column":null}},"15":{"start":{"line":26,"column":21},"end":{"line":26,"column":null}},"16":{"start":{"line":27,"column":19},"end":{"line":27,"column":null}},"17":{"start":{"line":28,"column":19},"end":{"line":28,"column":null}},"18":{"start":{"line":30,"column":27},"end":{"line":30,"column":null}},"19":{"start":{"line":34,"column":26},"end":{"line":34,"column":null}},"20":{"start":{"line":35,"column":26},"end":{"line":35,"column":null}},"21":{"start":{"line":37,"column":26},"end":{"line":37,"column":null}},"22":{"start":{"line":38,"column":26},"end":{"line":38,"column":null}},"23":{"start":{"line":39,"column":24},"end":{"line":39,"column":null}},"24":{"start":{"line":40,"column":24},"end":{"line":40,"column":null}},"25":{"start":{"line":42,"column":26},"end":{"line":42,"column":null}},"26":{"start":{"line":43,"column":26},"end":{"line":43,"column":null}},"27":{"start":{"line":44,"column":24},"end":{"line":44,"column":null}},"28":{"start":{"line":45,"column":24},"end":{"line":45,"column":null}},"29":{"start":{"line":47,"column":23},"end":{"line":53,"column":null}},"30":{"start":{"line":55,"column":6},"end":{"line":59,"column":null}},"31":{"start":{"line":63,"column":2},"end":{"line":94,"column":null}},"32":{"start":{"line":68,"column":12},"end":{"line":77,"column":null}},"33":{"start":{"line":88,"column":10},"end":{"line":91,"column":null}}},"fnMap":{"0":{"name":"(anonymous_0)","decl":{"start":{"line":7,"column":13},"end":{"line":7,"column":25}},"loc":{"start":{"line":7,"column":53},"end":{"line":96,"column":null}},"line":7},"1":{"name":"(anonymous_1)","decl":{"start":{"line":8,"column":16},"end":{"line":8,"column":30}},"loc":{"start":{"line":8,"column":30},"end":{"line":8,"column":79}},"line":8},"2":{"name":"(anonymous_2)","decl":{"start":{"line":8,"column":35},"end":{"line":8,"column":43}},"loc":{"start":{"line":8,"column":57},"end":{"line":8,"column":75}},"line":8},"3":{"name":"(anonymous_3)","decl":{"start":{"line":10,"column":17},"end":{"line":10,"column":31}},"loc":{"start":{"line":10,"column":31},"end":{"line":61,"column":5}},"line":10},"4":{"name":"(anonymous_4)","decl":{"start":{"line":15,"column":16},"end":{"line":15,"column":21}},"loc":{"start":{"line":15,"column":30},"end":{"line":60,"column":5}},"line":15},"5":{"name":"(anonymous_5)","decl":{"start":{"line":67,"column":18},"end":{"line":67,"column":23}},"loc":{"start":{"line":68,"column":12},"end":{"line":77,"column":null}},"line":68},"6":{"name":"(anonymous_6)","decl":{"start":{"line":87,"column":14},"end":{"line":87,"column":19}},"loc":{"start":{"line":88,"column":10},"end":{"line":91,"column":null}},"line":88}},"branchMap":{"0":{"loc":{"start":{"line":11,"column":4},"end":{"line":11,"column":null}},"type":"if","locations":[{"start":{"line":11,"column":4},"end":{"line":11,"column":null}},{"start":{},"end":{}}],"line":11},"1":{"loc":{"start":{"line":30,"column":27},"end":{"line":30,"column":null}},"type":"cond-expr","locations":[{"start":{"line":30,"column":46},"end":{"line":30,"column":50}},{"start":{"line":30,"column":50},"end":{"line":30,"column":null}}],"line":30},"2":{"loc":{"start":{"line":65,"column":7},"end":{"line":86,"column":7}},"type":"cond-expr","locations":[{"start":{"line":66,"column":8},"end":{"line":81,"column":9}},{"start":{"line":81,"column":8},"end":{"line":86,"column":7}}],"line":65}},"s":{"0":1,"1":1,"2":1,"3":3,"4":1,"5":1,"6":0,"7":1,"8":1,"9":3,"10":3,"11":3,"12":3,"13":3,"14":3,"15":3,"16":3,"17":3,"18":3,"19":3,"20":3,"21":3,"22":3,"23":3,"24":3,"25":3,"26":3,"27":3,"28":3,"29":3,"30":3,"31":1,"32":3,"33":3},"f":{"0":1,"1":1,"2":3,"3":1,"4":3,"5":3,"6":3},"b":{"0":[0,1],"1":[0,3],"2":[1,0]},"meta":{"lastBranch":3,"lastFunction":7,"lastStatement":34,"seen":{"s:7:13:96:Infinity":0,"f:7:13:7:25":0,"s:8:8:8:Infinity":1,"f:8:16:8:30":1,"s:8:30:8:79":2,"f:8:35:8:43":2,"s:8:57:8:75":3,"s:10:8:61:Infinity":4,"f:10:17:10:31":3,"b:11:4:11:Infinity:undefined:undefined:undefined:undefined":0,"s:11:4:11:Infinity":5,"s:11:21:11:Infinity":6,"s:13:23:13:Infinity":7,"s:15:4:60:Infinity":8,"f:15:16:15:21":4,"s:16:25:16:Infinity":9,"s:17:20:17:Infinity":10,"s:20:25:20:Infinity":11,"s:21:23:21:Infinity":12,"s:22:6:22:Infinity":13,"s:25:21:25:Infinity":14,"s:26:21:26:Infinity":15,"s:27:19:27:Infinity":16,"s:28:19:28:Infinity":17,"s:30:27:30:Infinity":18,"b:30:46:30:50:30:50:30:Infinity":1,"s:34:26:34:Infinity":19,"s:35:26:35:Infinity":20,"s:37:26:37:Infinity":21,"s:38:26:38:Infinity":22,"s:39:24:39:Infinity":23,"s:40:24:40:Infinity":24,"s:42:26:42:Infinity":25,"s:43:26:43:Infinity":26,"s:44:24:44:Infinity":27,"s:45:24:45:Infinity":28,"s:47:23:53:Infinity":29,"s:55:6:59:Infinity":30,"s:63:2:94:Infinity":31,"b:66:8:81:9:81:8:86:7":2,"f:67:18:67:23":5,"s:68:12:77:Infinity":32,"f:87:14:87:19":6,"s:88:10:91:Infinity":33},"fnNames":{}}}
,"C:\\Users\\khush\\OneDrive\\Desktop\\carbon footprint\\src\\context\\FootprintContext.tsx": {"path":"C:\\Users\\khush\\OneDrive\\Desktop\\carbon footprint\\src\\context\\FootprintContext.tsx","statementMap":{"0":{"start":{"line":23,"column":35},"end":{"line":27,"column":null}},"1":{"start":{"line":29,"column":26},"end":{"line":29,"column":null}},"2":{"start":{"line":31,"column":6},"end":{"line":41,"column":null}},"3":{"start":{"line":32,"column":2},"end":{"line":39,"column":null}},"4":{"start":{"line":33,"column":18},"end":{"line":33,"column":null}},"5":{"start":{"line":34,"column":4},"end":{"line":36,"column":null}},"6":{"start":{"line":35,"column":6},"end":{"line":35,"column":null}},"7":{"start":{"line":38,"column":4},"end":{"line":38,"column":null}},"8":{"start":{"line":40,"column":2},"end":{"line":40,"column":null}},"9":{"start":{"line":44,"column":6},"end":{"line":66,"column":null}},"10":{"start":{"line":46,"column":20},"end":{"line":46,"column":null}},"11":{"start":{"line":49,"column":22},"end":{"line":54,"column":null}},"12":{"start":{"line":55,"column":15},"end":{"line":55,"column":null}},"13":{"start":{"line":58,"column":17},"end":{"line":58,"column":null}},"14":{"start":{"line":60,"column":2},"end":{"line":65,"column":null}},"15":{"start":{"line":68,"column":6},"end":{"line":68,"column":null}},"16":{"start":{"line":70,"column":13},"end":{"line":94,"column":null}},"17":{"start":{"line":71,"column":15},"end":{"line":71,"column":null}},"18":{"start":{"line":73,"column":8},"end":{"line":83,"column":null}},"19":{"start":{"line":74,"column":4},"end":{"line":82,"column":null}},"20":{"start":{"line":75,"column":22},"end":{"line":75,"column":null}},"21":{"start":{"line":76,"column":6},"end":{"line":80,"column":null}},"22":{"start":{"line":77,"column":8},"end":{"line":77,"column":null}},"23":{"start":{"line":79,"column":8},"end":{"line":79,"column":null}},"24":{"start":{"line":81,"column":6},"end":{"line":81,"column":null}},"25":{"start":{"line":85,"column":8},"end":{"line":85,"column":null}},"26":{"start":{"line":85,"column":34},"end":{"line":85,"column":60}},"27":{"start":{"line":87,"column":8},"end":{"line":87,"column":null}},"28":{"start":{"line":87,"column":31},"end":{"line":87,"column":65}},"29":{"start":{"line":89,"column":2},"end":{"line":92,"column":null}},"30":{"start":{"line":97,"column":13},"end":{"line":103,"column":null}},"31":{"start":{"line":98,"column":8},"end":{"line":98,"column":null}},"32":{"start":{"line":99,"column":2},"end":{"line":101,"column":null}},"33":{"start":{"line":100,"column":4},"end":{"line":100,"column":null}},"34":{"start":{"line":102,"column":2},"end":{"line":102,"column":null}}},"fnMap":{"0":{"name":"(anonymous_0)","decl":{"start":{"line":31,"column":6},"end":{"line":31,"column":44}},"loc":{"start":{"line":31,"column":44},"end":{"line":41,"column":null}},"line":31},"1":{"name":"(anonymous_1)","decl":{"start":{"line":44,"column":6},"end":{"line":44,"column":28}},"loc":{"start":{"line":44,"column":63},"end":{"line":66,"column":null}},"line":44},"2":{"name":"(anonymous_2)","decl":{"start":{"line":70,"column":13},"end":{"line":70,"column":34}},"loc":{"start":{"line":70,"column":76},"end":{"line":94,"column":null}},"line":70},"3":{"name":"(anonymous_3)","decl":{"start":{"line":73,"column":21},"end":{"line":73,"column":34}},"loc":{"start":{"line":73,"column":70},"end":{"line":83,"column":5}},"line":73},"4":{"name":"(anonymous_4)","decl":{"start":{"line":74,"column":4},"end":{"line":74,"column":13}},"loc":{"start":{"line":74,"column":37},"end":{"line":82,"column":5}},"line":74},"5":{"name":"(anonymous_5)","decl":{"start":{"line":85,"column":20},"end":{"line":85,"column":34}},"loc":{"start":{"line":85,"column":34},"end":{"line":85,"column":60}},"line":85},"6":{"name":"(anonymous_6)","decl":{"start":{"line":87,"column":16},"end":{"line":87,"column":31}},"loc":{"start":{"line":87,"column":31},"end":{"line":87,"column":65}},"line":87},"7":{"name":"(anonymous_7)","decl":{"start":{"line":97,"column":13},"end":{"line":97,"column":34}},"loc":{"start":{"line":97,"column":34},"end":{"line":103,"column":null}},"line":97}},"branchMap":{"0":{"loc":{"start":{"line":34,"column":4},"end":{"line":36,"column":null}},"type":"if","locations":[{"start":{"line":34,"column":4},"end":{"line":36,"column":null}},{"start":{},"end":{}}],"line":34},"1":{"loc":{"start":{"line":99,"column":2},"end":{"line":101,"column":null}},"type":"if","locations":[{"start":{"line":99,"column":2},"end":{"line":101,"column":null}},{"start":{},"end":{}}],"line":99}},"s":{"0":3,"1":3,"2":3,"3":7,"4":7,"5":7,"6":2,"7":0,"8":5,"9":3,"10":11,"11":11,"12":11,"13":11,"14":11,"15":3,"16":3,"17":11,"18":11,"19":4,"20":4,"21":4,"22":4,"23":0,"24":4,"25":11,"26":11,"27":11,"28":11,"29":11,"30":3,"31":18,"32":18,"33":0,"34":18},"f":{"0":7,"1":11,"2":11,"3":4,"4":4,"5":11,"6":11,"7":18},"b":{"0":[2,5],"1":[0,18]},"meta":{"lastBranch":2,"lastFunction":8,"lastStatement":35,"seen":{"s:23:35:27:Infinity":0,"s:29:26:29:Infinity":1,"s:31:6:41:Infinity":2,"f:31:6:31:44":0,"s:32:2:39:Infinity":3,"s:33:18:33:Infinity":4,"b:34:4:36:Infinity:undefined:undefined:undefined:undefined":0,"s:34:4:36:Infinity":5,"s:35:6:35:Infinity":6,"s:38:4:38:Infinity":7,"s:40:2:40:Infinity":8,"s:44:6:66:Infinity":9,"f:44:6:44:28":1,"s:46:20:46:Infinity":10,"s:49:22:54:Infinity":11,"s:55:15:55:Infinity":12,"s:58:17:58:Infinity":13,"s:60:2:65:Infinity":14,"s:68:6:68:Infinity":15,"s:70:13:94:Infinity":16,"f:70:13:70:34":2,"s:71:15:71:Infinity":17,"s:73:8:83:Infinity":18,"f:73:21:73:34":3,"s:74:4:82:Infinity":19,"f:74:4:74:13":4,"s:75:22:75:Infinity":20,"s:76:6:80:Infinity":21,"s:77:8:77:Infinity":22,"s:79:8:79:Infinity":23,"s:81:6:81:Infinity":24,"s:85:8:85:Infinity":25,"f:85:20:85:34":5,"s:85:34:85:60":26,"s:87:8:87:Infinity":27,"f:87:16:87:31":6,"s:87:31:87:65":28,"s:89:2:92:Infinity":29,"s:97:13:103:Infinity":30,"f:97:13:97:34":7,"s:98:8:98:Infinity":31,"b:99:2:101:Infinity:undefined:undefined:undefined:undefined":1,"s:99:2:101:Infinity":32,"s:100:4:100:Infinity":33,"s:102:2:102:Infinity":34},"fnNames":{}}}
,"C:\\Users\\khush\\OneDrive\\Desktop\\carbon footprint\\src\\context\\ThemeContext.tsx": {"path":"C:\\Users\\khush\\OneDrive\\Desktop\\carbon footprint\\src\\context\\ThemeContext.tsx","statementMap":{"0":{"start":{"line":11,"column":6},"end":{"line":11,"column":null}},"1":{"start":{"line":13,"column":13},"end":{"line":29,"column":null}},"2":{"start":{"line":14,"column":16},"end":{"line":14,"column":null}},"3":{"start":{"line":16,"column":2},"end":{"line":18,"column":null}},"4":{"start":{"line":17,"column":4},"end":{"line":17,"column":null}},"5":{"start":{"line":20,"column":8},"end":{"line":22,"column":null}},"6":{"start":{"line":21,"column":4},"end":{"line":21,"column":null}},"7":{"start":{"line":21,"column":36},"end":{"line":21,"column":77}},"8":{"start":{"line":24,"column":2},"end":{"line":27,"column":null}},"9":{"start":{"line":32,"column":13},"end":{"line":38,"column":null}},"10":{"start":{"line":33,"column":8},"end":{"line":33,"column":null}},"11":{"start":{"line":34,"column":2},"end":{"line":36,"column":null}},"12":{"start":{"line":35,"column":4},"end":{"line":35,"column":null}},"13":{"start":{"line":37,"column":2},"end":{"line":37,"column":null}}},"fnMap":{"0":{"name":"(anonymous_0)","decl":{"start":{"line":13,"column":13},"end":{"line":13,"column":30}},"loc":{"start":{"line":13,"column":72},"end":{"line":29,"column":null}},"line":13},"1":{"name":"(anonymous_1)","decl":{"start":{"line":16,"column":2},"end":{"line":16,"column":18}},"loc":{"start":{"line":16,"column":18},"end":{"line":18,"column":5}},"line":16},"2":{"name":"(anonymous_2)","decl":{"start":{"line":20,"column":8},"end":{"line":20,"column":28}},"loc":{"start":{"line":20,"column":28},"end":{"line":22,"column":null}},"line":20},"3":{"name":"(anonymous_3)","decl":{"start":{"line":21,"column":4},"end":{"line":21,"column":14}},"loc":{"start":{"line":21,"column":36},"end":{"line":21,"column":77}},"line":21},"4":{"name":"(anonymous_4)","decl":{"start":{"line":32,"column":13},"end":{"line":32,"column":30}},"loc":{"start":{"line":32,"column":30},"end":{"line":38,"column":null}},"line":32}},"branchMap":{"0":{"loc":{"start":{"line":21,"column":36},"end":{"line":21,"column":77}},"type":"cond-expr","locations":[{"start":{"line":21,"column":60},"end":{"line":21,"column":69}},{"start":{"line":21,"column":69},"end":{"line":21,"column":77}}],"line":21},"1":{"loc":{"start":{"line":34,"column":2},"end":{"line":36,"column":null}},"type":"if","locations":[{"start":{"line":34,"column":2},"end":{"line":36,"column":null}},{"start":{},"end":{}}],"line":34}},"s":{"0":1,"1":1,"2":4,"3":4,"4":4,"5":4,"6":2,"7":2,"8":4,"9":1,"10":4,"11":4,"12":0,"13":4},"f":{"0":4,"1":4,"2":2,"3":2,"4":4},"b":{"0":[1,1],"1":[0,4]},"meta":{"lastBranch":2,"lastFunction":5,"lastStatement":14,"seen":{"s:11:6:11:Infinity":0,"s:13:13:29:Infinity":1,"f:13:13:13:30":0,"s:14:16:14:Infinity":2,"s:16:2:18:Infinity":3,"f:16:2:16:18":1,"s:17:4:17:Infinity":4,"s:20:8:22:Infinity":5,"f:20:8:20:28":2,"s:21:4:21:Infinity":6,"f:21:4:21:14":3,"s:21:36:21:77":7,"b:21:60:21:69:21:69:21:77":0,"s:24:2:27:Infinity":8,"s:32:13:38:Infinity":9,"f:32:13:32:30":4,"s:33:8:33:Infinity":10,"b:34:2:36:Infinity:undefined:undefined:undefined:undefined":1,"s:34:2:36:Infinity":11,"s:35:4:35:Infinity":12,"s:37:2:37:Infinity":13},"fnNames":{}}}
,"C:\\Users\\khush\\OneDrive\\Desktop\\carbon footprint\\src\\pages\\Calculator.tsx": {"path":"C:\\Users\\khush\\OneDrive\\Desktop\\carbon footprint\\src\\pages\\Calculator.tsx","statementMap":{"0":{"start":{"line":6,"column":13},"end":{"line":82,"column":null}},"1":{"start":{"line":7,"column":16},"end":{"line":7,"column":null}},"2":{"start":{"line":8,"column":8},"end":{"line":8,"column":null}},"3":{"start":{"line":10,"column":20},"end":{"line":10,"column":null}},"4":{"start":{"line":12,"column":8},"end":{"line":25,"column":null}},"5":{"start":{"line":13,"column":4},"end":{"line":13,"column":null}},"6":{"start":{"line":16,"column":25},"end":{"line":16,"column":null}},"7":{"start":{"line":17,"column":22},"end":{"line":17,"column":null}},"8":{"start":{"line":19,"column":4},"end":{"line":23,"column":null}},"9":{"start":{"line":24,"column":4},"end":{"line":24,"column":null}},"10":{"start":{"line":27,"column":2},"end":{"line":80,"column":null}},"11":{"start":{"line":42,"column":31},"end":{"line":42,"column":null}},"12":{"start":{"line":52,"column":31},"end":{"line":52,"column":null}},"13":{"start":{"line":70,"column":31},"end":{"line":70,"column":null}}},"fnMap":{"0":{"name":"(anonymous_0)","decl":{"start":{"line":6,"column":13},"end":{"line":6,"column":32}},"loc":{"start":{"line":6,"column":32},"end":{"line":82,"column":null}},"line":6},"1":{"name":"(anonymous_1)","decl":{"start":{"line":12,"column":8},"end":{"line":12,"column":24}},"loc":{"start":{"line":12,"column":47},"end":{"line":25,"column":null}},"line":12},"2":{"name":"(anonymous_2)","decl":{"start":{"line":42,"column":14},"end":{"line":42,"column":25}},"loc":{"start":{"line":42,"column":31},"end":{"line":42,"column":null}},"line":42},"3":{"name":"(anonymous_3)","decl":{"start":{"line":52,"column":14},"end":{"line":52,"column":25}},"loc":{"start":{"line":52,"column":31},"end":{"line":52,"column":null}},"line":52},"4":{"name":"(anonymous_4)","decl":{"start":{"line":70,"column":14},"end":{"line":70,"column":25}},"loc":{"start":{"line":70,"column":31},"end":{"line":70,"column":null}},"line":70}},"branchMap":{"0":{"loc":{"start":{"line":16,"column":52},"end":{"line":16,"column":84}},"type":"binary-expr","locations":[{"start":{"line":16,"column":52},"end":{"line":16,"column":83}},{"start":{"line":16,"column":83},"end":{"line":16,"column":84}}],"line":16},"1":{"loc":{"start":{"line":17,"column":49},"end":{"line":17,"column":78}},"type":"binary-expr","locations":[{"start":{"line":17,"column":49},"end":{"line":17,"column":77}},{"start":{"line":17,"column":77},"end":{"line":17,"column":78}}],"line":17}},"s":{"0":1,"1":14,"2":14,"3":14,"4":14,"5":3,"6":3,"7":3,"8":3,"9":3,"10":14,"11":3,"12":1,"13":3},"f":{"0":14,"1":3,"2":3,"3":1,"4":3},"b":{"0":[3,0],"1":[3,0]},"meta":{"lastBranch":2,"lastFunction":5,"lastStatement":14,"seen":{"s:6:13:82:Infinity":0,"f:6:13:6:32":0,"s:7:16:7:Infinity":1,"s:8:8:8:Infinity":2,"s:10:20:10:Infinity":3,"s:12:8:25:Infinity":4,"f:12:8:12:24":1,"s:13:4:13:Infinity":5,"s:16:25:16:Infinity":6,"b:16:52:16:83:16:83:16:84":0,"s:17:22:17:Infinity":7,"b:17:49:17:77:17:77:17:78":1,"s:19:4:23:Infinity":8,"s:24:4:24:Infinity":9,"s:27:2:80:Infinity":10,"f:42:14:42:25":2,"s:42:31:42:Infinity":11,"f:52:14:52:25":3,"s:52:31:52:Infinity":12,"f:70:14:70:25":4,"s:70:31:70:Infinity":13},"fnNames":{}}}
,"C:\\Users\\khush\\OneDrive\\Desktop\\carbon footprint\\src\\pages\\Dashboard.tsx": {"path":"C:\\Users\\khush\\OneDrive\\Desktop\\carbon footprint\\src\\pages\\Dashboard.tsx","statementMap":{"0":{"start":{"line":5,"column":13},"end":{"line":48,"column":null}},"1":{"start":{"line":6,"column":10},"end":{"line":6,"column":null}},"2":{"start":{"line":8,"column":8},"end":{"line":12,"column":null}},"3":{"start":{"line":8,"column":29},"end":{"line":12,"column":5}},"4":{"start":{"line":16,"column":2},"end":{"line":46,"column":null}}},"fnMap":{"0":{"name":"(anonymous_0)","decl":{"start":{"line":5,"column":13},"end":{"line":5,"column":31}},"loc":{"start":{"line":5,"column":31},"end":{"line":48,"column":null}},"line":5},"1":{"name":"(anonymous_1)","decl":{"start":{"line":8,"column":15},"end":{"line":8,"column":29}},"loc":{"start":{"line":8,"column":29},"end":{"line":12,"column":5}},"line":8}},"branchMap":{},"s":{"0":1,"1":1,"2":1,"3":1,"4":1},"f":{"0":1,"1":1},"b":{},"meta":{"lastBranch":0,"lastFunction":2,"lastStatement":5,"seen":{"s:5:13:48:Infinity":0,"f:5:13:5:31":0,"s:6:10:6:Infinity":1,"s:8:8:12:Infinity":2,"f:8:15:8:29":1,"s:8:29:12:5":3,"s:16:2:46:Infinity":4},"fnNames":{}}}
,"C:\\Users\\khush\\OneDrive\\Desktop\\carbon footprint\\src\\pages\\EducationalHub.tsx": {"path":"C:\\Users\\khush\\OneDrive\\Desktop\\carbon footprint\\src\\pages\\EducationalHub.tsx","statementMap":{"0":{"start":{"line":3,"column":13},"end":{"line":59,"column":null}},"1":{"start":{"line":4,"column":2},"end":{"line":57,"column":null}}},"fnMap":{"0":{"name":"(anonymous_0)","decl":{"start":{"line":3,"column":13},"end":{"line":3,"column":36}},"loc":{"start":{"line":3,"column":36},"end":{"line":59,"column":null}},"line":3}},"branchMap":{},"s":{"0":1,"1":1},"f":{"0":1},"b":{},"meta":{"lastBranch":0,"lastFunction":1,"lastStatement":2,"seen":{"s:3:13:59:Infinity":0,"f:3:13:3:36":0,"s:4:2:57:Infinity":1},"fnNames":{}}}
,"C:\\Users\\khush\\OneDrive\\Desktop\\carbon footprint\\src\\pages\\Home.tsx": {"path":"C:\\Users\\khush\\OneDrive\\Desktop\\carbon footprint\\src\\pages\\Home.tsx","statementMap":{"0":{"start":{"line":4,"column":13},"end":{"line":51,"column":null}},"1":{"start":{"line":5,"column":8},"end":{"line":5,"column":null}},"2":{"start":{"line":7,"column":2},"end":{"line":49,"column":null}},"3":{"start":{"line":17,"column":25},"end":{"line":17,"column":null}}},"fnMap":{"0":{"name":"(anonymous_0)","decl":{"start":{"line":4,"column":13},"end":{"line":4,"column":26}},"loc":{"start":{"line":4,"column":26},"end":{"line":51,"column":null}},"line":4},"1":{"name":"(anonymous_1)","decl":{"start":{"line":17,"column":10},"end":{"line":17,"column":25}},"loc":{"start":{"line":17,"column":25},"end":{"line":17,"column":null}},"line":17}},"branchMap":{},"s":{"0":1,"1":1,"2":1,"3":0},"f":{"0":1,"1":0},"b":{},"meta":{"lastBranch":0,"lastFunction":2,"lastStatement":4,"seen":{"s:4:13:51:Infinity":0,"f:4:13:4:26":0,"s:5:8:5:Infinity":1,"s:7:2:49:Infinity":2,"f:17:10:17:25":1,"s:17:25:17:Infinity":3},"fnNames":{}}}
,"C:\\Users\\khush\\OneDrive\\Desktop\\carbon footprint\\src\\pages\\NotFound.tsx": {"path":"C:\\Users\\khush\\OneDrive\\Desktop\\carbon footprint\\src\\pages\\NotFound.tsx","statementMap":{"0":{"start":{"line":3,"column":13},"end":{"line":16,"column":null}},"1":{"start":{"line":4,"column":8},"end":{"line":4,"column":null}},"2":{"start":{"line":6,"column":2},"end":{"line":14,"column":null}},"3":{"start":{"line":11,"column":57},"end":{"line":11,"column":72}}},"fnMap":{"0":{"name":"(anonymous_0)","decl":{"start":{"line":3,"column":13},"end":{"line":3,"column":30}},"loc":{"start":{"line":3,"column":30},"end":{"line":16,"column":null}},"line":3},"1":{"name":"(anonymous_1)","decl":{"start":{"line":11,"column":42},"end":{"line":11,"column":57}},"loc":{"start":{"line":11,"column":57},"end":{"line":11,"column":72}},"line":11}},"branchMap":{},"s":{"0":1,"1":1,"2":1,"3":0},"f":{"0":1,"1":0},"b":{},"meta":{"lastBranch":0,"lastFunction":2,"lastStatement":4,"seen":{"s:3:13:16:Infinity":0,"f:3:13:3:30":0,"s:4:8:4:Infinity":1,"s:6:2:14:Infinity":2,"f:11:42:11:57":1,"s:11:57:11:72":3},"fnNames":{}}}
}
